<?xml version="1.0" encoding="UTF-8"?>
<!-- Generated by org.testng.reporters.JUnitReportReporter -->
<testsuite skipped="0" hostname="DESKTOP-KRLAL0I" name="pageobjectmodel.Login" tests="2" failures="0" timestamp="29 Apr 2019 02:05:25 GMT" time="44.976" errors="0">
  <testcase name="login" time="19.204" classname="pageobjectmodel.Login"/>
  <testcase name="registration" time="25.772" classname="pageobjectmodel.Login"/>
</testsuite> <!-- pageobjectmodel.Login -->
