<?xml version="1.0" encoding="UTF-8"?>
<!-- Generated by org.testng.reporters.JUnitReportReporter -->
<testsuite skipped="0" hostname="DESKTOP-KRLAL0I" name="com.testng.Ecommerce.LinksTesting1" tests="2" failures="0" timestamp="19 Apr 2019 02:00:35 GMT" time="57.686" errors="0">
  <testcase name="linktesting1" time="13.575" classname="com.testng.Ecommerce.LinksTesting1"/>
  <testcase name="linktesting1" time="44.111" classname="com.testng.Ecommerce.LinksTesting1"/>
</testsuite> <!-- com.testng.Ecommerce.LinksTesting1 -->
