<?xml version="1.0" encoding="UTF-8"?>
<!-- Generated by org.testng.reporters.JUnitReportReporter -->
<testsuite skipped="0" hostname="DESKTOP-KRLAL0I" name="com.testng.Ecommerce.TestNGClass" tests="1" failures="0" timestamp="17 Apr 2019 01:52:10 GMT" time="0.026" errors="0">
  <testcase name="f" time="0.026" classname="com.testng.Ecommerce.TestNGClass"/>
</testsuite> <!-- com.testng.Ecommerce.TestNGClass -->
