<?xml version="1.0" encoding="UTF-8"?>
<!-- Generated by org.testng.reporters.JUnitReportReporter -->
<testsuite skipped="0" hostname="DESKTOP-KRLAL0I" name="exceldataAPIS.TestA" tests="2" failures="0" timestamp="17 May 2019 01:02:41 GMT" time="0.030" errors="0">
  <testcase name="testA" time="0.026" classname="exceldataAPIS.TestA"/>
  <testcase name="testA" time="0.004" classname="exceldataAPIS.TestA"/>
</testsuite> <!-- exceldataAPIS.TestA -->
