<?xml version="1.0" encoding="UTF-8"?>
<!-- Generated by org.testng.reporters.JUnitReportReporter -->
<testsuite skipped="0" hostname="DESKTOP-KRLAL0I" name="com.testng.Ecommerce.CheckBox1" tests="2" failures="0" timestamp="19 Apr 2019 02:00:35 GMT" time="56.194" errors="0">
  <testcase name="checkboxTest" time="33.266" classname="com.testng.Ecommerce.CheckBox1"/>
  <testcase name="checkboxTest" time="22.928" classname="com.testng.Ecommerce.CheckBox1"/>
</testsuite> <!-- com.testng.Ecommerce.CheckBox1 -->
