<?xml version="1.0" encoding="UTF-8"?>
<!-- Generated by org.testng.reporters.JUnitReportReporter -->
<testsuite skipped="0" hostname="DESKTOP-KRLAL0I" name="com.selenium.testNG.TC_101" tests="1" failures="0" timestamp="17 Apr 2019 00:55:07 GMT" time="0.020" errors="0">
  <testcase name="f" time="0.020" classname="com.selenium.testNG.TC_101"/>
</testsuite> <!-- com.selenium.testNG.TC_101 -->
