<?xml version="1.0" encoding="UTF-8"?>
<!-- Generated by org.testng.reporters.JUnitReportReporter -->
<testsuite skipped="1" hostname="DESKTOP-KRLAL0I" name="com.selenium.testNG.TC_102" tests="3" failures="0" timestamp="17 Apr 2019 01:11:44 GMT" time="0.024" errors="0">
  <testcase name="f" time="0.021" classname="com.selenium.testNG.TC_102"/>
  <testcase name="c" time="0.003" classname="com.selenium.testNG.TC_102"/>
  <testcase name="x" classname="com.selenium.testNG.TC_102">
    <skipped/>
  </testcase> <!-- x -->
</testsuite> <!-- com.selenium.testNG.TC_102 -->
